TN:
SF:src/App.tsx
FN:12,App
FN:32,handleLogout
FNF:2
FNH:1
FNDA:3,App
FNDA:0,handleLogout
DA:1,1
DA:2,1
DA:3,1
DA:4,1
DA:5,1
DA:6,1
DA:7,1
DA:8,1
DA:9,1
DA:10,1
DA:12,3
DA:13,3
DA:14,3
DA:15,3
DA:17,3
DA:18,2
DA:19,1
DA:20,1
DA:21,0
DA:22,0
DA:23,1
DA:24,3
DA:26,3
DA:27,2
DA:28,0
DA:29,0
DA:30,3
DA:32,3
DA:33,0
DA:34,0
DA:35,0
DA:36,0
DA:38,3
DA:40,3
DA:41,3
DA:42,3
DA:43,3
DA:44,3
DA:45,3
DA:46,2
DA:47,2
DA:48,2
DA:49,2
DA:51,2
DA:52,2
DA:54,1
DA:55,1
DA:56,1
DA:57,1
DA:59,3
DA:60,3
DA:61,3
DA:62,3
DA:63,3
DA:64,3
DA:65,3
DA:66,3
DA:67,3
DA:68,3
DA:69,3
DA:70,3
DA:72,3
DA:74,1
LF:63
LH:55
BRDA:12,0,0,3
BRDA:45,1,0,2
BRDA:52,2,0,1
BRDA:63,3,0,2
BRDA:63,4,0,1
BRDA:64,5,0,2
BRDA:64,6,0,1
BRDA:65,7,0,2
BRDA:65,8,0,1
BRDA:66,9,0,2
BRDA:66,10,0,1
BRDA:67,11,0,2
BRDA:67,12,0,1
BRDA:15,13,0,7
BRDA:17,14,0,2
BRDA:18,15,0,1
BRDA:20,16,0,0
BRDA:26,17,0,2
BRDA:27,18,0,1
BRDA:27,19,0,0
BRF:20
BRH:18
end_of_record
TN:
SF:src/main.tsx
FN:1,(empty-report)
FNF:1
FNH:0
FNDA:0,(empty-report)
DA:1,0
DA:2,0
DA:3,0
DA:4,0
DA:5,0
DA:6,0
DA:7,0
DA:9,0
DA:10,0
DA:11,0
DA:12,0
DA:13,0
DA:14,0
DA:15,0
DA:16,0
DA:17,0
LF:16
LH:0
BRDA:1,0,0,0
BRF:1
BRH:0
end_of_record
TN:
SF:src/features/auth/authSlice.ts
FN:102,logout
FN:108,setToken
FN:112,extraReducers
FNF:3
FNH:3
FNDA:1,logout
FNDA:1,setToken
FNDA:6,extraReducers
DA:1,1
DA:2,1
DA:17,1
DA:18,1
DA:19,1
DA:20,1
DA:21,1
DA:22,1
DA:24,1
DA:26,1
DA:30,1
DA:31,0
DA:32,0
DA:33,0
DA:35,0
DA:36,0
DA:37,0
DA:38,0
DA:39,0
DA:40,0
DA:41,0
DA:43,0
DA:44,0
DA:45,0
DA:47,0
DA:48,0
DA:49,0
DA:50,0
DA:52,1
DA:53,1
DA:54,1
DA:55,0
DA:56,0
DA:57,0
DA:58,0
DA:60,0
DA:61,0
DA:62,0
DA:63,0
DA:64,0
DA:66,0
DA:67,0
DA:68,0
DA:69,0
DA:70,0
DA:71,0
DA:73,0
DA:74,0
DA:75,0
DA:76,1
DA:78,1
DA:82,1
DA:83,0
DA:84,0
DA:85,0
DA:86,0
DA:87,0
DA:88,0
DA:89,0
DA:91,0
DA:92,0
DA:93,0
DA:95,0
DA:96,0
DA:98,1
DA:99,1
DA:100,1
DA:101,1
DA:102,1
DA:103,1
DA:104,1
DA:105,1
DA:106,1
DA:107,1
DA:108,1
DA:109,1
DA:110,1
DA:111,1
DA:112,1
DA:113,6
DA:114,6
DA:115,1
DA:116,1
DA:117,6
DA:118,6
DA:119,2
DA:120,2
DA:121,6
DA:122,6
DA:123,1
DA:124,1
DA:125,6
DA:126,6
DA:127,1
DA:128,1
DA:129,6
DA:130,6
DA:131,1
DA:132,1
DA:133,6
DA:134,6
DA:135,1
DA:136,1
DA:137,1
DA:138,1
DA:139,6
DA:140,6
DA:141,1
DA:142,1
DA:143,6
DA:144,6
DA:145,1
DA:146,6
DA:147,6
DA:148,1
DA:149,1
DA:150,6
DA:151,6
DA:152,1
DA:154,1
DA:155,1
LF:121
LH:74
BRDA:102,0,0,1
BRDA:108,1,0,1
BRDA:112,2,0,6
BRDA:114,3,0,1
BRDA:118,4,0,2
BRDA:122,5,0,1
BRDA:124,6,0,0
BRDA:126,7,0,1
BRDA:130,8,0,1
BRDA:134,9,0,1
BRDA:138,10,0,0
BRDA:140,11,0,1
BRDA:144,12,0,1
BRDA:147,13,0,1
BRDA:149,14,0,0
BRF:15
BRH:12
end_of_record
TN:
SF:src/features/notes/notesSlice.ts
FN:31,safeString
FN:37,safeNumber
FN:43,normalizeNote
FN:176,clearSelected
FN:180,extraReducers
FNF:5
FNH:2
FNDA:0,safeString
FNDA:0,safeNumber
FNDA:0,normalizeNote
FNDA:1,clearSelected
FNDA:6,extraReducers
DA:1,1
DA:18,1
DA:19,1
DA:20,1
DA:21,1
DA:22,1
DA:23,1
DA:25,1
DA:31,0
DA:32,0
DA:33,0
DA:34,0
DA:35,0
DA:37,0
DA:38,0
DA:39,0
DA:40,0
DA:41,0
DA:43,0
DA:44,0
DA:45,0
DA:46,0
DA:47,0
DA:48,0
DA:49,0
DA:50,0
DA:51,0
DA:52,0
DA:53,0
DA:55,1
DA:56,1
DA:57,1
DA:58,5
DA:59,5
DA:60,5
DA:61,5
DA:62,5
DA:64,0
DA:65,0
DA:66,0
DA:68,0
DA:69,5
DA:70,5
DA:71,1
DA:73,1
DA:74,1
DA:75,1
DA:76,1
DA:77,1
DA:78,1
DA:79,1
DA:80,1
DA:82,0
DA:83,0
DA:84,0
DA:86,0
DA:87,1
DA:88,1
DA:89,1
DA:91,1
DA:92,1
DA:93,1
DA:94,0
DA:95,0
DA:96,0
DA:97,0
DA:98,0
DA:100,0
DA:101,0
DA:102,0
DA:104,0
DA:105,0
DA:106,0
DA:107,1
DA:109,1
DA:113,1
DA:114,0
DA:115,0
DA:116,0
DA:117,0
DA:118,0
DA:119,0
DA:120,0
DA:121,0
DA:123,0
DA:124,0
DA:125,0
DA:127,0
DA:128,0
DA:129,0
DA:131,1
DA:135,1
DA:136,0
DA:137,0
DA:138,0
DA:139,0
DA:140,0
DA:141,0
DA:142,0
DA:143,0
DA:145,0
DA:146,0
DA:147,0
DA:149,0
DA:150,0
DA:151,0
DA:153,1
DA:157,1
DA:158,0
DA:159,0
DA:160,0
DA:161,0
DA:162,0
DA:163,0
DA:165,0
DA:166,0
DA:167,0
DA:169,0
DA:170,0
DA:172,1
DA:173,1
DA:174,1
DA:175,1
DA:176,1
DA:177,1
DA:178,1
DA:179,1
DA:180,1
DA:181,6
DA:182,6
DA:183,6
DA:184,6
DA:185,6
DA:186,6
DA:187,1
DA:188,1
DA:189,6
DA:190,6
DA:191,5
DA:192,5
DA:193,6
DA:194,6
DA:195,2
DA:196,2
DA:197,6
DA:198,6
DA:199,1
DA:200,1
DA:201,6
DA:202,6
DA:203,2
DA:204,2
DA:205,6
DA:206,6
DA:207,1
DA:208,1
DA:209,6
DA:210,6
DA:211,1
DA:212,1
DA:213,6
DA:214,6
DA:215,1
DA:216,1
DA:217,6
DA:218,6
DA:219,1
DA:220,6
DA:221,6
DA:222,1
DA:223,1
DA:224,1
DA:225,1
DA:226,6
DA:227,6
DA:228,1
DA:229,1
DA:230,1
DA:231,1
DA:232,6
DA:233,6
DA:234,1
DA:236,1
DA:237,1
LF:184
LH:105
BRDA:57,0,0,5
BRDA:62,1,0,0
BRDA:69,2,0,0
BRDA:75,3,0,1
BRDA:80,4,0,0
BRDA:87,5,0,0
BRDA:176,6,0,1
BRDA:180,7,0,6
BRDA:182,8,0,6
BRDA:186,9,0,1
BRDA:190,10,0,5
BRDA:192,11,0,4
BRDA:194,12,0,2
BRDA:198,13,0,1
BRDA:202,14,0,2
BRDA:204,15,0,1
BRDA:206,16,0,1
BRDA:210,17,0,1
BRDA:214,18,0,1
BRDA:216,19,0,0
BRDA:218,20,0,1
BRDA:221,21,0,1
BRDA:222,22,0,1
BRDA:222,23,0,0
BRDA:227,24,0,1
BRDA:228,25,0,2
BRF:26
BRH:20
end_of_record
TN:
SF:src/pages/LoginPage.tsx
FN:6,LoginPage
FN:13,handleSubmit
FN:32,onChange
FN:43,onChange
FNF:4
FNH:4
FNDA:7,LoginPage
FNDA:1,handleSubmit
FNDA:1,onChange
FNDA:1,onChange
DA:1,1
DA:2,1
DA:3,1
DA:4,1
DA:6,1
DA:7,7
DA:8,7
DA:9,7
DA:10,7
DA:11,7
DA:13,7
DA:14,1
DA:15,1
DA:16,1
DA:17,1
DA:18,1
DA:19,1
DA:20,1
DA:22,7
DA:23,7
DA:24,7
DA:25,7
DA:26,7
DA:27,7
DA:28,7
DA:29,7
DA:30,7
DA:31,7
DA:32,7
DA:33,7
DA:34,7
DA:35,7
DA:36,7
DA:37,7
DA:38,7
DA:39,7
DA:40,7
DA:41,7
DA:42,7
DA:43,7
DA:44,7
DA:45,7
DA:46,7
DA:47,7
DA:48,7
DA:49,7
DA:50,7
DA:51,7
DA:52,7
DA:53,7
DA:54,7
DA:55,7
DA:56,7
DA:57,7
DA:58,7
DA:59,7
DA:61,7
DA:63,1
LF:58
LH:58
BRDA:6,0,0,7
BRDA:48,1,0,0
BRDA:51,2,0,0
BRDA:9,3,0,11
BRDA:13,4,0,1
BRDA:32,5,0,1
BRDA:43,6,0,1
BRF:7
BRH:5
end_of_record
TN:
SF:src/pages/NoteEditPage.tsx
FN:6,splitTitleAndBodyFromText
FN:14,composeTextFromTitleAndBody
FN:22,NoteEditPage
FN:44,handleSubmit
FN:68,handleDelete
FN:93,onChange
FNF:6
FNH:5
FNDA:4,splitTitleAndBodyFromText
FNDA:4,composeTextFromTitleAndBody
FNDA:2,NoteEditPage
FNDA:1,handleSubmit
FNDA:0,handleDelete
FNDA:1,onChange
DA:1,1
DA:2,1
DA:3,1
DA:4,1
DA:6,1
DA:7,4
DA:8,4
DA:9,4
DA:10,4
DA:11,4
DA:12,4
DA:14,1
DA:15,4
DA:16,4
DA:17,4
DA:18,4
DA:19,1
DA:20,1
DA:22,1
DA:23,2
DA:24,2
DA:25,2
DA:26,2
DA:27,2
DA:29,2
DA:31,2
DA:32,2
DA:34,2
DA:35,1
DA:36,0
DA:37,0
DA:38,0
DA:39,1
DA:40,0
DA:41,0
DA:42,2
DA:44,2
DA:45,1
DA:46,1
DA:48,1
DA:49,1
DA:50,1
DA:51,1
DA:52,1
DA:53,1
DA:55,0
DA:56,0
DA:57,0
DA:58,0
DA:59,0
DA:60,0
DA:61,0
DA:62,0
DA:63,0
DA:64,0
DA:65,0
DA:66,1
DA:68,2
DA:69,0
DA:70,0
DA:71,0
DA:72,0
DA:73,0
DA:74,0
DA:76,2
DA:77,2
DA:78,2
DA:79,2
DA:80,2
DA:81,0
DA:83,2
DA:84,2
DA:85,2
DA:86,2
DA:87,2
DA:88,2
DA:89,2
DA:90,2
DA:91,2
DA:92,2
DA:93,2
DA:94,1
DA:95,1
DA:96,2
DA:97,2
DA:98,2
DA:99,2
DA:100,2
DA:101,2
DA:103,2
DA:104,2
DA:105,2
DA:106,2
DA:107,2
DA:108,2
DA:109,2
DA:110,2
DA:112,2
DA:114,2
DA:115,2
DA:116,2
DA:117,2
DA:119,2
DA:121,1
LF:104
LH:81
BRDA:6,0,0,4
BRDA:9,1,0,0
BRDA:14,2,0,4
BRDA:16,3,0,0
BRDA:17,4,0,1
BRDA:17,5,0,3
BRDA:18,6,0,2
BRDA:18,7,0,1
BRDA:22,8,0,2
BRDA:78,9,0,0
BRDA:80,10,0,0
BRDA:80,11,0,0
BRDA:83,12,0,0
BRDA:84,13,0,1
BRDA:92,14,0,0
BRDA:92,15,0,0
BRDA:26,16,0,3
BRDA:27,17,0,3
BRDA:34,18,0,1
BRDA:35,19,0,0
BRDA:39,20,0,0
BRDA:44,21,0,1
BRDA:46,22,0,0
BRDA:48,23,0,0
BRDA:53,24,0,0
BRDA:93,25,0,1
BRF:26
BRH:13
end_of_record
TN:
SF:src/pages/NotesViewPage.tsx
FN:6,NotesViewPage
FN:27,handleCardClick
FN:31,handleCreateNew
FN:44,onClick
FN:63,onClick
FNF:5
FNH:4
FNDA:9,NotesViewPage
FNDA:1,handleCardClick
FNDA:0,handleCreateNew
FNDA:1,onClick
FNDA:1,onClick
DA:1,1
DA:2,1
DA:3,1
DA:4,1
DA:6,1
DA:7,9
DA:8,9
DA:9,9
DA:10,9
DA:11,9
DA:12,9
DA:13,9
DA:15,9
DA:16,6
DA:17,0
DA:18,0
DA:19,0
DA:20,6
DA:21,1
DA:22,6
DA:23,5
DA:24,5
DA:25,9
DA:27,9
DA:28,1
DA:29,1
DA:31,9
DA:32,0
DA:33,0
DA:35,9
DA:36,9
DA:37,9
DA:38,9
DA:39,9
DA:40,9
DA:41,3
DA:42,3
DA:43,3
DA:44,3
DA:46,3
DA:47,3
DA:49,9
DA:51,9
DA:52,9
DA:53,9
DA:55,9
DA:56,9
DA:58,9
DA:59,9
DA:60,6
DA:61,6
DA:62,6
DA:63,6
DA:64,6
DA:66,6
DA:67,6
DA:68,0
DA:69,0
DA:70,0
DA:72,6
DA:73,6
DA:74,6
DA:75,6
DA:76,6
DA:77,6
DA:78,6
DA:79,9
DA:80,9
DA:81,9
DA:82,1
DA:84,9
DA:86,9
DA:88,1
LF:73
LH:65
BRDA:6,0,0,9
BRDA:11,1,0,0
BRDA:13,2,0,3
BRDA:13,3,0,2
BRDA:40,4,0,3
BRDA:46,5,0,2
BRDA:46,6,0,1
BRDA:55,7,0,6
BRDA:56,8,0,0
BRDA:81,9,0,6
BRDA:81,10,0,1
BRDA:9,11,0,16
BRDA:10,12,0,16
BRDA:15,13,0,6
BRDA:16,14,0,0
BRDA:20,15,0,1
BRDA:22,16,0,5
BRDA:27,17,0,1
BRDA:44,18,0,1
BRDA:44,19,0,1
BRDA:59,20,0,6
BRDA:67,21,0,0
BRDA:63,22,0,1
BRDA:73,23,0,6
BRDA:74,24,0,0
BRDA:75,25,0,0
BRF:26
BRH:20
end_of_record
TN:
SF:src/pages/RegisterPage.tsx
FN:6,RegisterPage
FN:13,handleSubmit
FN:31,onChange
FN:42,onChange
FNF:4
FNH:4
FNDA:4,RegisterPage
FNDA:1,handleSubmit
FNDA:1,onChange
FNDA:1,onChange
DA:1,1
DA:2,1
DA:3,1
DA:4,1
DA:6,1
DA:7,4
DA:8,4
DA:9,4
DA:10,4
DA:11,4
DA:13,4
DA:14,1
DA:15,1
DA:16,1
DA:17,1
DA:18,1
DA:19,1
DA:21,4
DA:22,4
DA:23,4
DA:24,4
DA:25,4
DA:26,4
DA:27,4
DA:28,4
DA:29,4
DA:30,4
DA:31,4
DA:32,4
DA:33,4
DA:34,4
DA:35,4
DA:36,4
DA:37,4
DA:38,4
DA:39,4
DA:40,4
DA:41,4
DA:42,4
DA:43,4
DA:44,4
DA:45,4
DA:46,4
DA:47,4
DA:48,4
DA:49,4
DA:50,4
DA:51,4
DA:52,4
DA:53,4
DA:54,4
DA:55,4
DA:56,4
DA:57,4
DA:58,4
DA:60,4
DA:62,1
LF:57
LH:57
BRDA:6,0,0,4
BRDA:47,1,0,0
BRDA:50,2,0,0
BRDA:9,3,0,6
BRDA:13,4,0,1
BRDA:31,5,0,1
BRDA:42,6,0,1
BRF:7
BRH:5
end_of_record
TN:
SF:src/store/index.ts
FNF:0
FNH:0
DA:1,1
DA:2,1
DA:3,1
DA:4,1
DA:6,1
DA:7,1
DA:8,1
DA:9,1
DA:10,1
DA:11,1
DA:16,1
DA:17,1
LF:12
LH:12
BRF:0
BRH:0
end_of_record
TN:
SF:src/utils/authTokenCookie.ts
FN:3,cookieAttributes
FN:8,setAuthTokenCookie
FN:12,getAuthTokenCookie
FN:32,clearAuthTokenCookie
FNF:4
FNH:4
FNDA:7,cookieAttributes
FNDA:2,setAuthTokenCookie
FNDA:6,getAuthTokenCookie
FNDA:5,clearAuthTokenCookie
DA:1,1
DA:3,7
DA:4,7
DA:5,7
DA:6,7
DA:8,1
DA:9,2
DA:10,2
DA:12,1
DA:13,6
DA:14,6
DA:16,3
DA:17,3
DA:18,3
DA:19,3
DA:20,3
DA:21,3
DA:22,3
DA:23,3
DA:24,3
DA:25,1
DA:26,1
DA:27,3
DA:28,3
DA:29,0
DA:30,0
DA:32,1
DA:33,5
DA:34,5
LF:29
LH:27
BRDA:3,0,0,7
BRDA:4,1,0,0
BRDA:8,2,0,2
BRDA:12,3,0,6
BRDA:14,4,0,3
BRDA:14,5,0,5
BRDA:14,6,0,3
BRDA:21,7,0,0
BRDA:24,8,0,1
BRDA:28,9,0,0
BRDA:32,10,0,5
BRF:11
BRH:8
end_of_record
